<?xml version="1.0" encoding="UTF-8"?>
<testng-results skipped="0" failed="0" ignored="0" total="1" passed="1">
  <reporter-output>
  </reporter-output>
  <suite name="Default suite" duration-ms="10722" started-at="2019-07-14T15:11:20Z" finished-at="2019-07-14T15:11:31Z">
    <groups>
    </groups>
    <test name="Default test" duration-ms="10722" started-at="2019-07-14T15:11:20Z" finished-at="2019-07-14T15:11:31Z">
      <class name="test.RunTests">
        <test-method status="PASS" signature="beforeSuite()[pri:0, instance:test.RunTests@4520ebad]" name="beforeSuite" is-config="true" duration-ms="43111" started-at="2019-07-14T15:10:37Z" finished-at="2019-07-14T15:11:20Z">
          <reporter-output>
          </reporter-output>
        </test-method> <!-- beforeSuite -->
        <test-method status="PASS" signature="testClock()[pri:0, instance:test.RunTests@4520ebad]" name="testClock" duration-ms="10700" started-at="2019-07-14T15:11:20Z" finished-at="2019-07-14T15:11:31Z">
          <reporter-output>
          </reporter-output>
        </test-method> <!-- testClock -->
      </class> <!-- test.RunTests -->
    </test> <!-- Default test -->
  </suite> <!-- Default suite -->
</testng-results>
